
=CRASH REPORT==== 21-Aug-2016::23:47:41 ===
  crasher:
    initial call: gen:init_it/6
    pid: <0.13303.0>
    registered_name: []
    exception exit: {{badmatch,{error,not_found}},
                     [{rabbit_amqqueue_process,i,2,
                          [{file,"src/rabbit_amqqueue_process.erl"},
                           {line,904}]},
                      {rabbit_amqqueue_process,'-infos/2-lc$^0/1-0-',2,
                          [{file,"src/rabbit_amqqueue_process.erl"},
                           {line,859}]},
                      {rabbit_amqqueue_process,'-infos/2-lc$^0/1-0-',2,
                          [{file,"src/rabbit_amqqueue_process.erl"},
                           {line,859}]},
                      {rabbit_amqqueue_process,emit_stats,2,
                          [{file,"src/rabbit_amqqueue_process.erl"},
                           {line,940}]},
                      {rabbit_event,if_enabled,3,
                          [{file,"src/rabbit_event.erl"},{line,137}]},
                      {rabbit_amqqueue_process,'-terminate_delete/3-fun-1-',
                          6,
                          [{file,"src/rabbit_amqqueue_process.erl"},
                           {line,284}]},
                      {rabbit_amqqueue_process,terminate_shutdown,2,
                          [{file,"src/rabbit_amqqueue_process.erl"},
                           {line,308}]},
                      {gen_server2,terminate,3,
                          [{file,"src/gen_server2.erl"},{line,1129}]}]}
      in function  gen_server2:handle_msg/2 (src/gen_server2.erl, line 1027)
    ancestors: [<0.13302.0>,rabbit_amqqueue_sup_sup,rabbit_sup,<0.153.0>]
    messages: [{'DOWN',#Ref<0.0.0.52154>,process,<0.15134.0>,normal}]
    links: [<0.13302.0>]
    dictionary: [{{xtype_to_module,direct},rabbit_exchange_type_direct},
                  {random_seed,{3172,9814,20125}},
                  {credit_flow_default_credit,{200,50}},
                  {process_name,
                      {rabbit_amqqueue_process,
                          {resource,<<"/">>,queue,
                              <<"7e4e6a25-694f-47fd-8d25-17c0ba359379">>}}},
                  {{credit_to,<0.15134.0>},47},
                  {guid,{{290429332,3854601589,716133220,3953461790},0}}]
    trap_exit: true
    status: running
    heap_size: 4185
    stack_size: 27
    reductions: 6787
  neighbours:

=CRASH REPORT==== 21-Aug-2016::23:47:41 ===
  crasher:
    initial call: gen:init_it/6
    pid: <0.13804.0>
    registered_name: []
    exception exit: {{badmatch,{error,not_found}},
                     [{rabbit_amqqueue_process,i,2,
                          [{file,"src/rabbit_amqqueue_process.erl"},
                           {line,904}]},
                      {rabbit_amqqueue_process,'-infos/2-lc$^0/1-0-',2,
                          [{file,"src/rabbit_amqqueue_process.erl"},
                           {line,859}]},
                      {rabbit_amqqueue_process,'-infos/2-lc$^0/1-0-',2,
                          [{file,"src/rabbit_amqqueue_process.erl"},
                           {line,859}]},
                      {rabbit_amqqueue_process,emit_stats,2,
                          [{file,"src/rabbit_amqqueue_process.erl"},
                           {line,940}]},
                      {rabbit_event,if_enabled,3,
                          [{file,"src/rabbit_event.erl"},{line,137}]},
                      {rabbit_amqqueue_process,'-terminate_delete/3-fun-1-',
                          6,
                          [{file,"src/rabbit_amqqueue_process.erl"},
                           {line,284}]},
                      {rabbit_amqqueue_process,terminate_shutdown,2,
                          [{file,"src/rabbit_amqqueue_process.erl"},
                           {line,308}]},
                      {gen_server2,terminate,3,
                          [{file,"src/gen_server2.erl"},{line,1129}]}]}
      in function  gen_server2:handle_msg/2 (src/gen_server2.erl, line 1027)
    ancestors: [<0.13803.0>,rabbit_amqqueue_sup_sup,rabbit_sup,<0.153.0>]
    messages: [{'DOWN',#Ref<0.0.0.52151>,process,<0.15134.0>,normal}]
    links: [<0.13803.0>]
    dictionary: [{{xtype_to_module,direct},rabbit_exchange_type_direct},
                  {random_seed,{3172,9814,20125}},
                  {credit_flow_default_credit,{200,50}},
                  {process_name,
                      {rabbit_amqqueue_process,
                          {resource,<<"/">>,queue,
                              <<"38f6b8a0-c9a9-4640-9c86-7961a1ee1ecc">>}}},
                  {{credit_to,<0.15134.0>},47},
                  {guid,{{1108050945,987789861,3485226679,3885426243},0}}]
    trap_exit: true
    status: running
    heap_size: 4185
    stack_size: 27
    reductions: 7284
  neighbours:

=SUPERVISOR REPORT==== 21-Aug-2016::23:47:41 ===
     Supervisor: {<0.13302.0>,rabbit_amqqueue_sup}
     Context:    child_terminated
     Reason:     {{badmatch,{error,not_found}},
                  [{rabbit_amqqueue_process,i,2,
                       [{file,"src/rabbit_amqqueue_process.erl"},{line,904}]},
                   {rabbit_amqqueue_process,'-infos/2-lc$^0/1-0-',2,
                       [{file,"src/rabbit_amqqueue_process.erl"},{line,859}]},
                   {rabbit_amqqueue_process,'-infos/2-lc$^0/1-0-',2,
                       [{file,"src/rabbit_amqqueue_process.erl"},{line,859}]},
                   {rabbit_amqqueue_process,emit_stats,2,
                       [{file,"src/rabbit_amqqueue_process.erl"},{line,940}]},
                   {rabbit_event,if_enabled,3,
                       [{file,"src/rabbit_event.erl"},{line,137}]},
                   {rabbit_amqqueue_process,'-terminate_delete/3-fun-1-',6,
                       [{file,"src/rabbit_amqqueue_process.erl"},{line,284}]},
                   {rabbit_amqqueue_process,terminate_shutdown,2,
                       [{file,"src/rabbit_amqqueue_process.erl"},{line,308}]},
                   {gen_server2,terminate,3,
                       [{file,"src/gen_server2.erl"},{line,1129}]}]}
     Offender:   [{pid,<0.13303.0>},
                  {name,rabbit_amqqueue},
                  {mfargs,
                      {rabbit_prequeue,start_link,
                          [{amqqueue,
                               {resource,<<"/">>,queue,
                                   <<"7e4e6a25-694f-47fd-8d25-17c0ba359379">>},
                               false,true,<0.13291.0>,[],none,[],[],[],
                               undefined,[],[],live},
                           declare,<0.13301.0>]}},
                  {restart_type,intrinsic},
                  {shutdown,30000},
                  {child_type,worker}]


=CRASH REPORT==== 21-Aug-2016::23:47:41 ===
  crasher:
    initial call: gen:init_it/6
    pid: <0.21153.0>
    registered_name: []
    exception exit: {{badmatch,{error,not_found}},
                     [{rabbit_amqqueue_process,i,2,
                          [{file,"src/rabbit_amqqueue_process.erl"},
                           {line,904}]},
                      {rabbit_amqqueue_process,'-infos/2-lc$^0/1-0-',2,
                          [{file,"src/rabbit_amqqueue_process.erl"},
                           {line,859}]},
                      {rabbit_amqqueue_process,'-infos/2-lc$^0/1-0-',2,
                          [{file,"src/rabbit_amqqueue_process.erl"},
                           {line,859}]},
                      {rabbit_amqqueue_process,emit_stats,2,
                          [{file,"src/rabbit_amqqueue_process.erl"},
                           {line,940}]},
                      {rabbit_event,if_enabled,3,
                          [{file,"src/rabbit_event.erl"},{line,137}]},
                      {rabbit_amqqueue_process,'-terminate_delete/3-fun-1-',
                          6,
                          [{file,"src/rabbit_amqqueue_process.erl"},
                           {line,284}]},
                      {rabbit_amqqueue_process,terminate_shutdown,2,
                          [{file,"src/rabbit_amqqueue_process.erl"},
                           {line,308}]},
                      {gen_server2,terminate,3,
                          [{file,"src/gen_server2.erl"},{line,1129}]}]}
      in function  gen_server2:handle_msg/2 (src/gen_server2.erl, line 1027)
    ancestors: [<0.21152.0>,rabbit_amqqueue_sup_sup,rabbit_sup,<0.153.0>]
    messages: [{'DOWN',#Ref<0.0.0.73963>,process,<0.21429.0>,normal}]
    links: [<0.21152.0>]
    dictionary: [{{xtype_to_module,direct},rabbit_exchange_type_direct},
                  {{credit_to,<0.21429.0>},43},
                  {random_seed,{3172,9814,20125}},
                  {credit_flow_default_credit,{200,50}},
                  {process_name,
                      {rabbit_amqqueue_process,
                          {resource,<<"/">>,queue,
                              <<"springCloudBus.anonymous.gYTshq9BRpCi_uDcN4sC-w">>}}},
                  {guid,{{4023968232,3891009260,1922376107,2617940865},0}}]
    trap_exit: true
    status: running
    heap_size: 4185
    stack_size: 27
    reductions: 7917
  neighbours:

=SUPERVISOR REPORT==== 21-Aug-2016::23:47:41 ===
     Supervisor: {<0.13803.0>,rabbit_amqqueue_sup}
     Context:    child_terminated
     Reason:     {{badmatch,{error,not_found}},
                  [{rabbit_amqqueue_process,i,2,
                       [{file,"src/rabbit_amqqueue_process.erl"},{line,904}]},
                   {rabbit_amqqueue_process,'-infos/2-lc$^0/1-0-',2,
                       [{file,"src/rabbit_amqqueue_process.erl"},{line,859}]},
                   {rabbit_amqqueue_process,'-infos/2-lc$^0/1-0-',2,
                       [{file,"src/rabbit_amqqueue_process.erl"},{line,859}]},
                   {rabbit_amqqueue_process,emit_stats,2,
                       [{file,"src/rabbit_amqqueue_process.erl"},{line,940}]},
                   {rabbit_event,if_enabled,3,
                       [{file,"src/rabbit_event.erl"},{line,137}]},
                   {rabbit_amqqueue_process,'-terminate_delete/3-fun-1-',6,
                       [{file,"src/rabbit_amqqueue_process.erl"},{line,284}]},
                   {rabbit_amqqueue_process,terminate_shutdown,2,
                       [{file,"src/rabbit_amqqueue_process.erl"},{line,308}]},
                   {gen_server2,terminate,3,
                       [{file,"src/gen_server2.erl"},{line,1129}]}]}
     Offender:   [{pid,<0.13804.0>},
                  {name,rabbit_amqqueue},
                  {mfargs,
                      {rabbit_prequeue,start_link,
                          [{amqqueue,
                               {resource,<<"/">>,queue,
                                   <<"38f6b8a0-c9a9-4640-9c86-7961a1ee1ecc">>},
                               false,true,<0.13793.0>,[],none,[],[],[],
                               undefined,[],[],live},
                           declare,<0.13802.0>]}},
                  {restart_type,intrinsic},
                  {shutdown,30000},
                  {child_type,worker}]


=SUPERVISOR REPORT==== 21-Aug-2016::23:47:41 ===
     Supervisor: {<0.21152.0>,rabbit_amqqueue_sup}
     Context:    child_terminated
     Reason:     {{badmatch,{error,not_found}},
                  [{rabbit_amqqueue_process,i,2,
                       [{file,"src/rabbit_amqqueue_process.erl"},{line,904}]},
                   {rabbit_amqqueue_process,'-infos/2-lc$^0/1-0-',2,
                       [{file,"src/rabbit_amqqueue_process.erl"},{line,859}]},
                   {rabbit_amqqueue_process,'-infos/2-lc$^0/1-0-',2,
                       [{file,"src/rabbit_amqqueue_process.erl"},{line,859}]},
                   {rabbit_amqqueue_process,emit_stats,2,
                       [{file,"src/rabbit_amqqueue_process.erl"},{line,940}]},
                   {rabbit_event,if_enabled,3,
                       [{file,"src/rabbit_event.erl"},{line,137}]},
                   {rabbit_amqqueue_process,'-terminate_delete/3-fun-1-',6,
                       [{file,"src/rabbit_amqqueue_process.erl"},{line,284}]},
                   {rabbit_amqqueue_process,terminate_shutdown,2,
                       [{file,"src/rabbit_amqqueue_process.erl"},{line,308}]},
                   {gen_server2,terminate,3,
                       [{file,"src/gen_server2.erl"},{line,1129}]}]}
     Offender:   [{pid,<0.21153.0>},
                  {name,rabbit_amqqueue},
                  {mfargs,
                      {rabbit_prequeue,start_link,
                          [{amqqueue,
                               {resource,<<"/">>,queue,
                                   <<"springCloudBus.anonymous.gYTshq9BRpCi_uDcN4sC-w">>},
                               false,true,<0.21142.0>,[],none,[],[],[],
                               undefined,[],[],live},
                           declare,<0.21151.0>]}},
                  {restart_type,intrinsic},
                  {shutdown,30000},
                  {child_type,worker}]


=CRASH REPORT==== 21-Aug-2016::23:47:41 ===
  crasher:
    initial call: gen:init_it/6
    pid: <0.25872.0>
    registered_name: []
    exception exit: {{badmatch,{error,not_found}},
                     [{rabbit_prequeue,init,2,
                          [{file,"src/rabbit_prequeue.erl"},{line,62}]},
                      {gen_server2,init_it,6,
                          [{file,"src/gen_server2.erl"},{line,544}]},
                      {proc_lib,init_p_do_apply,3,
                          [{file,"proc_lib.erl"},{line,237}]}]}
      in function  gen_server2:init_it/6 (src/gen_server2.erl, line 586)
    ancestors: [<0.13302.0>,rabbit_amqqueue_sup_sup,rabbit_sup,<0.153.0>]
    messages: []
    links: [<0.13302.0>]
    dictionary: []
    trap_exit: false
    status: running
    heap_size: 610
    stack_size: 27
    reductions: 148
  neighbours:

=SUPERVISOR REPORT==== 21-Aug-2016::23:47:41 ===
     Supervisor: {<0.13302.0>,rabbit_amqqueue_sup}
     Context:    start_error
     Reason:     {{badmatch,{error,not_found}},
                  [{rabbit_prequeue,init,2,
                                    [{file,"src/rabbit_prequeue.erl"},
                                     {line,62}]},
                   {gen_server2,init_it,6,
                                [{file,"src/gen_server2.erl"},{line,544}]},
                   {proc_lib,init_p_do_apply,3,
                             [{file,"proc_lib.erl"},{line,237}]}]}
     Offender:   [{pid,<0.13303.0>},
                  {name,rabbit_amqqueue},
                  {mfargs,
                      {rabbit_prequeue,start_link,
                          [{amqqueue,
                               {resource,<<"/">>,queue,
                                   <<"7e4e6a25-694f-47fd-8d25-17c0ba359379">>},
                               false,true,<0.13291.0>,[],none,[],[],[],
                               undefined,[],[],live},
                           declare,<0.13301.0>]}},
                  {restart_type,intrinsic},
                  {shutdown,30000},
                  {child_type,worker}]


=CRASH REPORT==== 21-Aug-2016::23:47:41 ===
  crasher:
    initial call: gen:init_it/6
    pid: <0.25873.0>
    registered_name: []
    exception exit: {{badmatch,{error,not_found}},
                     [{rabbit_prequeue,init,2,
                          [{file,"src/rabbit_prequeue.erl"},{line,62}]},
                      {gen_server2,init_it,6,
                          [{file,"src/gen_server2.erl"},{line,544}]},
                      {proc_lib,init_p_do_apply,3,
                          [{file,"proc_lib.erl"},{line,237}]}]}
      in function  gen_server2:init_it/6 (src/gen_server2.erl, line 586)
    ancestors: [<0.13803.0>,rabbit_amqqueue_sup_sup,rabbit_sup,<0.153.0>]
    messages: []
    links: [<0.13803.0>]
    dictionary: []
    trap_exit: false
    status: running
    heap_size: 610
    stack_size: 27
    reductions: 148
  neighbours:

=CRASH REPORT==== 21-Aug-2016::23:47:41 ===
  crasher:
    initial call: gen:init_it/6
    pid: <0.25874.0>
    registered_name: []
    exception exit: {{badmatch,{error,not_found}},
                     [{rabbit_prequeue,init,2,
                          [{file,"src/rabbit_prequeue.erl"},{line,62}]},
                      {gen_server2,init_it,6,
                          [{file,"src/gen_server2.erl"},{line,544}]},
                      {proc_lib,init_p_do_apply,3,
                          [{file,"proc_lib.erl"},{line,237}]}]}
      in function  gen_server2:init_it/6 (src/gen_server2.erl, line 586)
    ancestors: [<0.21152.0>,rabbit_amqqueue_sup_sup,rabbit_sup,<0.153.0>]
    messages: []
    links: [<0.21152.0>]
    dictionary: []
    trap_exit: false
    status: running
    heap_size: 610
    stack_size: 27
    reductions: 148
  neighbours:

=SUPERVISOR REPORT==== 21-Aug-2016::23:47:41 ===
     Supervisor: {<0.21152.0>,rabbit_amqqueue_sup}
     Context:    start_error
     Reason:     {{badmatch,{error,not_found}},
                  [{rabbit_prequeue,init,2,
                                    [{file,"src/rabbit_prequeue.erl"},
                                     {line,62}]},
                   {gen_server2,init_it,6,
                                [{file,"src/gen_server2.erl"},{line,544}]},
                   {proc_lib,init_p_do_apply,3,
                             [{file,"proc_lib.erl"},{line,237}]}]}
     Offender:   [{pid,<0.21153.0>},
                  {name,rabbit_amqqueue},
                  {mfargs,
                      {rabbit_prequeue,start_link,
                          [{amqqueue,
                               {resource,<<"/">>,queue,
                                   <<"springCloudBus.anonymous.gYTshq9BRpCi_uDcN4sC-w">>},
                               false,true,<0.21142.0>,[],none,[],[],[],
                               undefined,[],[],live},
                           declare,<0.21151.0>]}},
                  {restart_type,intrinsic},
                  {shutdown,30000},
                  {child_type,worker}]


=SUPERVISOR REPORT==== 21-Aug-2016::23:47:41 ===
     Supervisor: {<0.13803.0>,rabbit_amqqueue_sup}
     Context:    start_error
     Reason:     {{badmatch,{error,not_found}},
                  [{rabbit_prequeue,init,2,
                                    [{file,"src/rabbit_prequeue.erl"},
                                     {line,62}]},
                   {gen_server2,init_it,6,
                                [{file,"src/gen_server2.erl"},{line,544}]},
                   {proc_lib,init_p_do_apply,3,
                             [{file,"proc_lib.erl"},{line,237}]}]}
     Offender:   [{pid,<0.13804.0>},
                  {name,rabbit_amqqueue},
                  {mfargs,
                      {rabbit_prequeue,start_link,
                          [{amqqueue,
                               {resource,<<"/">>,queue,
                                   <<"38f6b8a0-c9a9-4640-9c86-7961a1ee1ecc">>},
                               false,true,<0.13793.0>,[],none,[],[],[],
                               undefined,[],[],live},
                           declare,<0.13802.0>]}},
                  {restart_type,intrinsic},
                  {shutdown,30000},
                  {child_type,worker}]


=CRASH REPORT==== 21-Aug-2016::23:47:41 ===
  crasher:
    initial call: gen:init_it/6
    pid: <0.25876.0>
    registered_name: []
    exception exit: {{badmatch,{error,not_found}},
                     [{rabbit_prequeue,init,2,
                          [{file,"src/rabbit_prequeue.erl"},{line,62}]},
                      {gen_server2,init_it,6,
                          [{file,"src/gen_server2.erl"},{line,544}]},
                      {proc_lib,init_p_do_apply,3,
                          [{file,"proc_lib.erl"},{line,237}]}]}
      in function  gen_server2:init_it/6 (src/gen_server2.erl, line 586)
    ancestors: [<0.13302.0>,rabbit_amqqueue_sup_sup,rabbit_sup,<0.153.0>]
    messages: []
    links: [<0.13302.0>]
    dictionary: []
    trap_exit: false
    status: running
    heap_size: 610
    stack_size: 27
    reductions: 148
  neighbours:

=CRASH REPORT==== 21-Aug-2016::23:47:41 ===
  crasher:
    initial call: gen:init_it/6
    pid: <0.25878.0>
    registered_name: []
    exception exit: {{badmatch,{error,not_found}},
                     [{rabbit_prequeue,init,2,
                          [{file,"src/rabbit_prequeue.erl"},{line,62}]},
                      {gen_server2,init_it,6,
                          [{file,"src/gen_server2.erl"},{line,544}]},
                      {proc_lib,init_p_do_apply,3,
                          [{file,"proc_lib.erl"},{line,237}]}]}
      in function  gen_server2:init_it/6 (src/gen_server2.erl, line 586)
    ancestors: [<0.21152.0>,rabbit_amqqueue_sup_sup,rabbit_sup,<0.153.0>]
    messages: []
    links: [<0.21152.0>]
    dictionary: []
    trap_exit: false
    status: running
    heap_size: 610
    stack_size: 27
    reductions: 148
  neighbours:

=SUPERVISOR REPORT==== 21-Aug-2016::23:47:41 ===
     Supervisor: {<0.13302.0>,rabbit_amqqueue_sup}
     Context:    start_error
     Reason:     {{badmatch,{error,not_found}},
                  [{rabbit_prequeue,init,2,
                                    [{file,"src/rabbit_prequeue.erl"},
                                     {line,62}]},
                   {gen_server2,init_it,6,
                                [{file,"src/gen_server2.erl"},{line,544}]},
                   {proc_lib,init_p_do_apply,3,
                             [{file,"proc_lib.erl"},{line,237}]}]}
     Offender:   [{pid,{restarting,<0.13303.0>}},
                  {name,rabbit_amqqueue},
                  {mfargs,
                      {rabbit_prequeue,start_link,
                          [{amqqueue,
                               {resource,<<"/">>,queue,
                                   <<"7e4e6a25-694f-47fd-8d25-17c0ba359379">>},
                               false,true,<0.13291.0>,[],none,[],[],[],
                               undefined,[],[],live},
                           declare,<0.13301.0>]}},
                  {restart_type,intrinsic},
                  {shutdown,30000},
                  {child_type,worker}]


=SUPERVISOR REPORT==== 21-Aug-2016::23:47:41 ===
     Supervisor: {<0.13797.0>,rabbit_channel_sup_sup}
     Context:    shutdown_error
     Reason:     shutdown
     Offender:   [{nb_children,1},
                  {name,channel_sup},
                  {mfargs,{rabbit_channel_sup,start_link,[]}},
                  {restart_type,temporary},
                  {shutdown,infinity},
                  {child_type,supervisor}]


=CRASH REPORT==== 21-Aug-2016::23:47:41 ===
  crasher:
    initial call: gen:init_it/6
    pid: <0.25880.0>
    registered_name: []
    exception exit: {{badmatch,{error,not_found}},
                     [{rabbit_prequeue,init,2,
                          [{file,"src/rabbit_prequeue.erl"},{line,62}]},
                      {gen_server2,init_it,6,
                          [{file,"src/gen_server2.erl"},{line,544}]},
                      {proc_lib,init_p_do_apply,3,
                          [{file,"proc_lib.erl"},{line,237}]}]}
      in function  gen_server2:init_it/6 (src/gen_server2.erl, line 586)
    ancestors: [<0.13803.0>,rabbit_amqqueue_sup_sup,rabbit_sup,<0.153.0>]
    messages: []
    links: [<0.13803.0>]
    dictionary: []
    trap_exit: false
    status: running
    heap_size: 610
    stack_size: 27
    reductions: 148
  neighbours:

=SUPERVISOR REPORT==== 21-Aug-2016::23:47:41 ===
     Supervisor: {<0.13803.0>,rabbit_amqqueue_sup}
     Context:    start_error
     Reason:     {{badmatch,{error,not_found}},
                  [{rabbit_prequeue,init,2,
                                    [{file,"src/rabbit_prequeue.erl"},
                                     {line,62}]},
                   {gen_server2,init_it,6,
                                [{file,"src/gen_server2.erl"},{line,544}]},
                   {proc_lib,init_p_do_apply,3,
                             [{file,"proc_lib.erl"},{line,237}]}]}
     Offender:   [{pid,{restarting,<0.13804.0>}},
                  {name,rabbit_amqqueue},
                  {mfargs,
                      {rabbit_prequeue,start_link,
                          [{amqqueue,
                               {resource,<<"/">>,queue,
                                   <<"38f6b8a0-c9a9-4640-9c86-7961a1ee1ecc">>},
                               false,true,<0.13793.0>,[],none,[],[],[],
                               undefined,[],[],live},
                           declare,<0.13802.0>]}},
                  {restart_type,intrinsic},
                  {shutdown,30000},
                  {child_type,worker}]


=CRASH REPORT==== 21-Aug-2016::23:47:41 ===
  crasher:
    initial call: gen:init_it/6
    pid: <0.25883.0>
    registered_name: []
    exception exit: {{badmatch,{error,not_found}},
                     [{rabbit_prequeue,init,2,
                          [{file,"src/rabbit_prequeue.erl"},{line,62}]},
                      {gen_server2,init_it,6,
                          [{file,"src/gen_server2.erl"},{line,544}]},
                      {proc_lib,init_p_do_apply,3,
                          [{file,"proc_lib.erl"},{line,237}]}]}
      in function  gen_server2:init_it/6 (src/gen_server2.erl, line 586)
    ancestors: [<0.13302.0>,rabbit_amqqueue_sup_sup,rabbit_sup,<0.153.0>]
    messages: []
    links: [<0.13302.0>]
    dictionary: []
    trap_exit: false
    status: running
    heap_size: 610
    stack_size: 27
    reductions: 148
  neighbours:

=SUPERVISOR REPORT==== 21-Aug-2016::23:47:41 ===
     Supervisor: {<0.13302.0>,rabbit_amqqueue_sup}
     Context:    start_error
     Reason:     {{badmatch,{error,not_found}},
                  [{rabbit_prequeue,init,2,
                                    [{file,"src/rabbit_prequeue.erl"},
                                     {line,62}]},
                   {gen_server2,init_it,6,
                                [{file,"src/gen_server2.erl"},{line,544}]},
                   {proc_lib,init_p_do_apply,3,
                             [{file,"proc_lib.erl"},{line,237}]}]}
     Offender:   [{pid,{restarting,<0.13303.0>}},
                  {name,rabbit_amqqueue},
                  {mfargs,
                      {rabbit_prequeue,start_link,
                          [{amqqueue,
                               {resource,<<"/">>,queue,
                                   <<"7e4e6a25-694f-47fd-8d25-17c0ba359379">>},
                               false,true,<0.13291.0>,[],none,[],[],[],
                               undefined,[],[],live},
                           declare,<0.13301.0>]}},
                  {restart_type,intrinsic},
                  {shutdown,30000},
                  {child_type,worker}]


=CRASH REPORT==== 21-Aug-2016::23:47:41 ===
  crasher:
    initial call: gen:init_it/6
    pid: <0.25884.0>
    registered_name: []
    exception exit: {{badmatch,{error,not_found}},
                     [{rabbit_prequeue,init,2,
                          [{file,"src/rabbit_prequeue.erl"},{line,62}]},
                      {gen_server2,init_it,6,
                          [{file,"src/gen_server2.erl"},{line,544}]},
                      {proc_lib,init_p_do_apply,3,
                          [{file,"proc_lib.erl"},{line,237}]}]}
      in function  gen_server2:init_it/6 (src/gen_server2.erl, line 586)
    ancestors: [<0.13803.0>,rabbit_amqqueue_sup_sup,rabbit_sup,<0.153.0>]
    messages: []
    links: [<0.13803.0>]
    dictionary: []
    trap_exit: false
    status: running
    heap_size: 610
    stack_size: 27
    reductions: 148
  neighbours:

=SUPERVISOR REPORT==== 21-Aug-2016::23:47:41 ===
     Supervisor: {<0.13803.0>,rabbit_amqqueue_sup}
     Context:    start_error
     Reason:     {{badmatch,{error,not_found}},
                  [{rabbit_prequeue,init,2,
                                    [{file,"src/rabbit_prequeue.erl"},
                                     {line,62}]},
                   {gen_server2,init_it,6,
                                [{file,"src/gen_server2.erl"},{line,544}]},
                   {proc_lib,init_p_do_apply,3,
                             [{file,"proc_lib.erl"},{line,237}]}]}
     Offender:   [{pid,{restarting,<0.13804.0>}},
                  {name,rabbit_amqqueue},
                  {mfargs,
                      {rabbit_prequeue,start_link,
                          [{amqqueue,
                               {resource,<<"/">>,queue,
                                   <<"38f6b8a0-c9a9-4640-9c86-7961a1ee1ecc">>},
                               false,true,<0.13793.0>,[],none,[],[],[],
                               undefined,[],[],live},
                           declare,<0.13802.0>]}},
                  {restart_type,intrinsic},
                  {shutdown,30000},
                  {child_type,worker}]


=CRASH REPORT==== 21-Aug-2016::23:47:41 ===
  crasher:
    initial call: gen:init_it/6
    pid: <0.25886.0>
    registered_name: []
    exception exit: {{badmatch,{error,not_found}},
                     [{rabbit_prequeue,init,2,
                          [{file,"src/rabbit_prequeue.erl"},{line,62}]},
                      {gen_server2,init_it,6,
                          [{file,"src/gen_server2.erl"},{line,544}]},
                      {proc_lib,init_p_do_apply,3,
                          [{file,"proc_lib.erl"},{line,237}]}]}
      in function  gen_server2:init_it/6 (src/gen_server2.erl, line 586)
    ancestors: [<0.13302.0>,rabbit_amqqueue_sup_sup,rabbit_sup,<0.153.0>]
    messages: []
    links: [<0.13302.0>]
    dictionary: []
    trap_exit: false
    status: running
    heap_size: 610
    stack_size: 27
    reductions: 148
  neighbours:

=CRASH REPORT==== 21-Aug-2016::23:47:41 ===
  crasher:
    initial call: gen:init_it/6
    pid: <0.25888.0>
    registered_name: []
    exception exit: {{badmatch,{error,not_found}},
                     [{rabbit_prequeue,init,2,
                          [{file,"src/rabbit_prequeue.erl"},{line,62}]},
                      {gen_server2,init_it,6,
                          [{file,"src/gen_server2.erl"},{line,544}]},
                      {proc_lib,init_p_do_apply,3,
                          [{file,"proc_lib.erl"},{line,237}]}]}
      in function  gen_server2:init_it/6 (src/gen_server2.erl, line 586)
    ancestors: [<0.13803.0>,rabbit_amqqueue_sup_sup,rabbit_sup,<0.153.0>]
    messages: []
    links: [<0.13803.0>]
    dictionary: []
    trap_exit: false
    status: running
    heap_size: 610
    stack_size: 27
    reductions: 148
  neighbours:

=SUPERVISOR REPORT==== 21-Aug-2016::23:47:41 ===
     Supervisor: {<0.13302.0>,rabbit_amqqueue_sup}
     Context:    start_error
     Reason:     {{badmatch,{error,not_found}},
                  [{rabbit_prequeue,init,2,
                                    [{file,"src/rabbit_prequeue.erl"},
                                     {line,62}]},
                   {gen_server2,init_it,6,
                                [{file,"src/gen_server2.erl"},{line,544}]},
                   {proc_lib,init_p_do_apply,3,
                             [{file,"proc_lib.erl"},{line,237}]}]}
     Offender:   [{pid,{restarting,<0.13303.0>}},
                  {name,rabbit_amqqueue},
                  {mfargs,
                      {rabbit_prequeue,start_link,
                          [{amqqueue,
                               {resource,<<"/">>,queue,
                                   <<"7e4e6a25-694f-47fd-8d25-17c0ba359379">>},
                               false,true,<0.13291.0>,[],none,[],[],[],
                               undefined,[],[],live},
                           declare,<0.13301.0>]}},
                  {restart_type,intrinsic},
                  {shutdown,30000},
                  {child_type,worker}]


=SUPERVISOR REPORT==== 21-Aug-2016::23:47:41 ===
     Supervisor: {<0.13803.0>,rabbit_amqqueue_sup}
     Context:    start_error
     Reason:     {{badmatch,{error,not_found}},
                  [{rabbit_prequeue,init,2,
                                    [{file,"src/rabbit_prequeue.erl"},
                                     {line,62}]},
                   {gen_server2,init_it,6,
                                [{file,"src/gen_server2.erl"},{line,544}]},
                   {proc_lib,init_p_do_apply,3,
                             [{file,"proc_lib.erl"},{line,237}]}]}
     Offender:   [{pid,{restarting,<0.13804.0>}},
                  {name,rabbit_amqqueue},
                  {mfargs,
                      {rabbit_prequeue,start_link,
                          [{amqqueue,
                               {resource,<<"/">>,queue,
                                   <<"38f6b8a0-c9a9-4640-9c86-7961a1ee1ecc">>},
                               false,true,<0.13793.0>,[],none,[],[],[],
                               undefined,[],[],live},
                           declare,<0.13802.0>]}},
                  {restart_type,intrinsic},
                  {shutdown,30000},
                  {child_type,worker}]


=CRASH REPORT==== 21-Aug-2016::23:47:41 ===
  crasher:
    initial call: gen:init_it/6
    pid: <0.25891.0>
    registered_name: []
    exception exit: {{badmatch,{error,not_found}},
                     [{rabbit_prequeue,init,2,
                          [{file,"src/rabbit_prequeue.erl"},{line,62}]},
                      {gen_server2,init_it,6,
                          [{file,"src/gen_server2.erl"},{line,544}]},
                      {proc_lib,init_p_do_apply,3,
                          [{file,"proc_lib.erl"},{line,237}]}]}
      in function  gen_server2:init_it/6 (src/gen_server2.erl, line 586)
    ancestors: [<0.13302.0>,rabbit_amqqueue_sup_sup,rabbit_sup,<0.153.0>]
    messages: []
    links: [<0.13302.0>]
    dictionary: []
    trap_exit: false
    status: running
    heap_size: 610
    stack_size: 27
    reductions: 148
  neighbours:

=CRASH REPORT==== 21-Aug-2016::23:47:41 ===
  crasher:
    initial call: gen:init_it/6
    pid: <0.25892.0>
    registered_name: []
    exception exit: {{badmatch,{error,not_found}},
                     [{rabbit_prequeue,init,2,
                          [{file,"src/rabbit_prequeue.erl"},{line,62}]},
                      {gen_server2,init_it,6,
                          [{file,"src/gen_server2.erl"},{line,544}]},
                      {proc_lib,init_p_do_apply,3,
                          [{file,"proc_lib.erl"},{line,237}]}]}
      in function  gen_server2:init_it/6 (src/gen_server2.erl, line 586)
    ancestors: [<0.13803.0>,rabbit_amqqueue_sup_sup,rabbit_sup,<0.153.0>]
    messages: []
    links: [<0.13803.0>]
    dictionary: []
    trap_exit: false
    status: running
    heap_size: 610
    stack_size: 27
    reductions: 148
  neighbours:

=SUPERVISOR REPORT==== 21-Aug-2016::23:47:41 ===
     Supervisor: {<0.13302.0>,rabbit_amqqueue_sup}
     Context:    start_error
     Reason:     {{badmatch,{error,not_found}},
                  [{rabbit_prequeue,init,2,
                                    [{file,"src/rabbit_prequeue.erl"},
                                     {line,62}]},
                   {gen_server2,init_it,6,
                                [{file,"src/gen_server2.erl"},{line,544}]},
                   {proc_lib,init_p_do_apply,3,
                             [{file,"proc_lib.erl"},{line,237}]}]}
     Offender:   [{pid,{restarting,<0.13303.0>}},
                  {name,rabbit_amqqueue},
                  {mfargs,
                      {rabbit_prequeue,start_link,
                          [{amqqueue,
                               {resource,<<"/">>,queue,
                                   <<"7e4e6a25-694f-47fd-8d25-17c0ba359379">>},
                               false,true,<0.13291.0>,[],none,[],[],[],
                               undefined,[],[],live},
                           declare,<0.13301.0>]}},
                  {restart_type,intrinsic},
                  {shutdown,30000},
                  {child_type,worker}]


=SUPERVISOR REPORT==== 21-Aug-2016::23:47:41 ===
     Supervisor: {<0.13803.0>,rabbit_amqqueue_sup}
     Context:    start_error
     Reason:     {{badmatch,{error,not_found}},
                  [{rabbit_prequeue,init,2,
                                    [{file,"src/rabbit_prequeue.erl"},
                                     {line,62}]},
                   {gen_server2,init_it,6,
                                [{file,"src/gen_server2.erl"},{line,544}]},
                   {proc_lib,init_p_do_apply,3,
                             [{file,"proc_lib.erl"},{line,237}]}]}
     Offender:   [{pid,{restarting,<0.13804.0>}},
                  {name,rabbit_amqqueue},
                  {mfargs,
                      {rabbit_prequeue,start_link,
                          [{amqqueue,
                               {resource,<<"/">>,queue,
                                   <<"38f6b8a0-c9a9-4640-9c86-7961a1ee1ecc">>},
                               false,true,<0.13793.0>,[],none,[],[],[],
                               undefined,[],[],live},
                           declare,<0.13802.0>]}},
                  {restart_type,intrinsic},
                  {shutdown,30000},
                  {child_type,worker}]


=SUPERVISOR REPORT==== 21-Aug-2016::23:47:41 ===
     Supervisor: {<0.13302.0>,rabbit_amqqueue_sup}
     Context:    shutdown
     Reason:     reached_max_restart_intensity
     Offender:   [{pid,{restarting,<0.13303.0>}},
                  {name,rabbit_amqqueue},
                  {mfargs,
                      {rabbit_prequeue,start_link,
                          [{amqqueue,
                               {resource,<<"/">>,queue,
                                   <<"7e4e6a25-694f-47fd-8d25-17c0ba359379">>},
                               false,true,<0.13291.0>,[],none,[],[],[],
                               undefined,[],[],live},
                           declare,<0.13301.0>]}},
                  {restart_type,intrinsic},
                  {shutdown,30000},
                  {child_type,worker}]


=SUPERVISOR REPORT==== 21-Aug-2016::23:47:41 ===
     Supervisor: {<0.13803.0>,rabbit_amqqueue_sup}
     Context:    shutdown
     Reason:     reached_max_restart_intensity
     Offender:   [{pid,{restarting,<0.13804.0>}},
                  {name,rabbit_amqqueue},
                  {mfargs,
                      {rabbit_prequeue,start_link,
                          [{amqqueue,
                               {resource,<<"/">>,queue,
                                   <<"38f6b8a0-c9a9-4640-9c86-7961a1ee1ecc">>},
                               false,true,<0.13793.0>,[],none,[],[],[],
                               undefined,[],[],live},
                           declare,<0.13802.0>]}},
                  {restart_type,intrinsic},
                  {shutdown,30000},
                  {child_type,worker}]


=SUPERVISOR REPORT==== 21-Aug-2016::23:47:41 ===
     Supervisor: {<0.21152.0>,rabbit_amqqueue_sup}
     Context:    start_error
     Reason:     {{badmatch,{error,not_found}},
                  [{rabbit_prequeue,init,2,
                                    [{file,"src/rabbit_prequeue.erl"},
                                     {line,62}]},
                   {gen_server2,init_it,6,
                                [{file,"src/gen_server2.erl"},{line,544}]},
                   {proc_lib,init_p_do_apply,3,
                             [{file,"proc_lib.erl"},{line,237}]}]}
     Offender:   [{pid,{restarting,<0.21153.0>}},
                  {name,rabbit_amqqueue},
                  {mfargs,
                      {rabbit_prequeue,start_link,
                          [{amqqueue,
                               {resource,<<"/">>,queue,
                                   <<"springCloudBus.anonymous.gYTshq9BRpCi_uDcN4sC-w">>},
                               false,true,<0.21142.0>,[],none,[],[],[],
                               undefined,[],[],live},
                           declare,<0.21151.0>]}},
                  {restart_type,intrinsic},
                  {shutdown,30000},
                  {child_type,worker}]


=CRASH REPORT==== 21-Aug-2016::23:47:41 ===
  crasher:
    initial call: gen:init_it/6
    pid: <0.25896.0>
    registered_name: []
    exception exit: {{badmatch,{error,not_found}},
                     [{rabbit_prequeue,init,2,
                          [{file,"src/rabbit_prequeue.erl"},{line,62}]},
                      {gen_server2,init_it,6,
                          [{file,"src/gen_server2.erl"},{line,544}]},
                      {proc_lib,init_p_do_apply,3,
                          [{file,"proc_lib.erl"},{line,237}]}]}
      in function  gen_server2:init_it/6 (src/gen_server2.erl, line 586)
    ancestors: [<0.21152.0>,rabbit_amqqueue_sup_sup,rabbit_sup,<0.153.0>]
    messages: []
    links: [<0.21152.0>]
    dictionary: []
    trap_exit: false
    status: running
    heap_size: 610
    stack_size: 27
    reductions: 148
  neighbours:

=SUPERVISOR REPORT==== 21-Aug-2016::23:47:41 ===
     Supervisor: {<0.21152.0>,rabbit_amqqueue_sup}
     Context:    start_error
     Reason:     {{badmatch,{error,not_found}},
                  [{rabbit_prequeue,init,2,
                                    [{file,"src/rabbit_prequeue.erl"},
                                     {line,62}]},
                   {gen_server2,init_it,6,
                                [{file,"src/gen_server2.erl"},{line,544}]},
                   {proc_lib,init_p_do_apply,3,
                             [{file,"proc_lib.erl"},{line,237}]}]}
     Offender:   [{pid,{restarting,<0.21153.0>}},
                  {name,rabbit_amqqueue},
                  {mfargs,
                      {rabbit_prequeue,start_link,
                          [{amqqueue,
                               {resource,<<"/">>,queue,
                                   <<"springCloudBus.anonymous.gYTshq9BRpCi_uDcN4sC-w">>},
                               false,true,<0.21142.0>,[],none,[],[],[],
                               undefined,[],[],live},
                           declare,<0.21151.0>]}},
                  {restart_type,intrinsic},
                  {shutdown,30000},
                  {child_type,worker}]


=CRASH REPORT==== 21-Aug-2016::23:47:41 ===
  crasher:
    initial call: gen:init_it/6
    pid: <0.25898.0>
    registered_name: []
    exception exit: {{badmatch,{error,not_found}},
                     [{rabbit_prequeue,init,2,
                          [{file,"src/rabbit_prequeue.erl"},{line,62}]},
                      {gen_server2,init_it,6,
                          [{file,"src/gen_server2.erl"},{line,544}]},
                      {proc_lib,init_p_do_apply,3,
                          [{file,"proc_lib.erl"},{line,237}]}]}
      in function  gen_server2:init_it/6 (src/gen_server2.erl, line 586)
    ancestors: [<0.21152.0>,rabbit_amqqueue_sup_sup,rabbit_sup,<0.153.0>]
    messages: []
    links: [<0.21152.0>]
    dictionary: []
    trap_exit: false
    status: running
    heap_size: 610
    stack_size: 27
    reductions: 148
  neighbours:

=SUPERVISOR REPORT==== 21-Aug-2016::23:47:41 ===
     Supervisor: {<0.21152.0>,rabbit_amqqueue_sup}
     Context:    start_error
     Reason:     {{badmatch,{error,not_found}},
                  [{rabbit_prequeue,init,2,
                                    [{file,"src/rabbit_prequeue.erl"},
                                     {line,62}]},
                   {gen_server2,init_it,6,
                                [{file,"src/gen_server2.erl"},{line,544}]},
                   {proc_lib,init_p_do_apply,3,
                             [{file,"proc_lib.erl"},{line,237}]}]}
     Offender:   [{pid,{restarting,<0.21153.0>}},
                  {name,rabbit_amqqueue},
                  {mfargs,
                      {rabbit_prequeue,start_link,
                          [{amqqueue,
                               {resource,<<"/">>,queue,
                                   <<"springCloudBus.anonymous.gYTshq9BRpCi_uDcN4sC-w">>},
                               false,true,<0.21142.0>,[],none,[],[],[],
                               undefined,[],[],live},
                           declare,<0.21151.0>]}},
                  {restart_type,intrinsic},
                  {shutdown,30000},
                  {child_type,worker}]


=CRASH REPORT==== 21-Aug-2016::23:47:41 ===
  crasher:
    initial call: gen:init_it/6
    pid: <0.25900.0>
    registered_name: []
    exception exit: {{badmatch,{error,not_found}},
                     [{rabbit_prequeue,init,2,
                          [{file,"src/rabbit_prequeue.erl"},{line,62}]},
                      {gen_server2,init_it,6,
                          [{file,"src/gen_server2.erl"},{line,544}]},
                      {proc_lib,init_p_do_apply,3,
                          [{file,"proc_lib.erl"},{line,237}]}]}
      in function  gen_server2:init_it/6 (src/gen_server2.erl, line 586)
    ancestors: [<0.21152.0>,rabbit_amqqueue_sup_sup,rabbit_sup,<0.153.0>]
    messages: []
    links: [<0.21152.0>]
    dictionary: []
    trap_exit: false
    status: running
    heap_size: 610
    stack_size: 27
    reductions: 148
  neighbours:

=SUPERVISOR REPORT==== 21-Aug-2016::23:47:41 ===
     Supervisor: {<0.21152.0>,rabbit_amqqueue_sup}
     Context:    start_error
     Reason:     {{badmatch,{error,not_found}},
                  [{rabbit_prequeue,init,2,
                                    [{file,"src/rabbit_prequeue.erl"},
                                     {line,62}]},
                   {gen_server2,init_it,6,
                                [{file,"src/gen_server2.erl"},{line,544}]},
                   {proc_lib,init_p_do_apply,3,
                             [{file,"proc_lib.erl"},{line,237}]}]}
     Offender:   [{pid,{restarting,<0.21153.0>}},
                  {name,rabbit_amqqueue},
                  {mfargs,
                      {rabbit_prequeue,start_link,
                          [{amqqueue,
                               {resource,<<"/">>,queue,
                                   <<"springCloudBus.anonymous.gYTshq9BRpCi_uDcN4sC-w">>},
                               false,true,<0.21142.0>,[],none,[],[],[],
                               undefined,[],[],live},
                           declare,<0.21151.0>]}},
                  {restart_type,intrinsic},
                  {shutdown,30000},
                  {child_type,worker}]


=SUPERVISOR REPORT==== 21-Aug-2016::23:47:41 ===
     Supervisor: {<0.21152.0>,rabbit_amqqueue_sup}
     Context:    shutdown
     Reason:     reached_max_restart_intensity
     Offender:   [{pid,{restarting,<0.21153.0>}},
                  {name,rabbit_amqqueue},
                  {mfargs,
                      {rabbit_prequeue,start_link,
                          [{amqqueue,
                               {resource,<<"/">>,queue,
                                   <<"springCloudBus.anonymous.gYTshq9BRpCi_uDcN4sC-w">>},
                               false,true,<0.21142.0>,[],none,[],[],[],
                               undefined,[],[],live},
                           declare,<0.21151.0>]}},
                  {restart_type,intrinsic},
                  {shutdown,30000},
                  {child_type,worker}]


=CRASH REPORT==== 24-Aug-2016::12:56:43 ===
  crasher:
    initial call: gen:init_it/6
    pid: <0.530.0>
    registered_name: []
    exception exit: {{badmatch,{error,not_found}},
                     [{rabbit_amqqueue_process,i,2,
                          [{file,"src/rabbit_amqqueue_process.erl"},
                           {line,904}]},
                      {rabbit_amqqueue_process,'-infos/2-lc$^0/1-0-',2,
                          [{file,"src/rabbit_amqqueue_process.erl"},
                           {line,859}]},
                      {rabbit_amqqueue_process,'-infos/2-lc$^0/1-0-',2,
                          [{file,"src/rabbit_amqqueue_process.erl"},
                           {line,859}]},
                      {rabbit_amqqueue_process,emit_stats,2,
                          [{file,"src/rabbit_amqqueue_process.erl"},
                           {line,940}]},
                      {rabbit_event,if_enabled,3,
                          [{file,"src/rabbit_event.erl"},{line,137}]},
                      {rabbit_amqqueue_process,'-terminate_delete/3-fun-1-',
                          6,
                          [{file,"src/rabbit_amqqueue_process.erl"},
                           {line,284}]},
                      {rabbit_amqqueue_process,terminate_shutdown,2,
                          [{file,"src/rabbit_amqqueue_process.erl"},
                           {line,308}]},
                      {gen_server2,terminate,3,
                          [{file,"src/gen_server2.erl"},{line,1129}]}]}
      in function  gen_server2:handle_msg/2 (src/gen_server2.erl, line 1027)
    ancestors: [<0.529.0>,rabbit_amqqueue_sup_sup,rabbit_sup,<0.153.0>]
    messages: [{'DOWN',#Ref<0.0.0.5273>,process,<0.1389.0>,normal},
                  {'DOWN',#Ref<0.0.0.5192>,process,<0.1369.0>,normal}]
    links: [<0.529.0>]
    dictionary: [{{xtype_to_module,direct},rabbit_exchange_type_direct},
                  {random_seed,{3172,9814,20125}},
                  {{credit_to,<0.1369.0>},48},
                  {credit_flow_default_credit,{200,50}},
                  {process_name,
                      {rabbit_amqqueue_process,
                          {resource,<<"/">>,queue,
                              <<"springCloudBus.anonymous.Itj2xKWmSP6gw-kAW2yd3w">>}}},
                  {{credit_to,<0.1389.0>},49},
                  {guid,{{3965800908,2687130171,2854312804,587447565},0}}]
    trap_exit: true
    status: running
    heap_size: 2586
    stack_size: 27
    reductions: 6547
  neighbours:

=CRASH REPORT==== 24-Aug-2016::12:56:43 ===
  crasher:
    initial call: gen:init_it/6
    pid: <0.896.0>
    registered_name: []
    exception exit: {{badmatch,{error,not_found}},
                     [{rabbit_amqqueue_process,i,2,
                          [{file,"src/rabbit_amqqueue_process.erl"},
                           {line,904}]},
                      {rabbit_amqqueue_process,'-infos/2-lc$^0/1-0-',2,
                          [{file,"src/rabbit_amqqueue_process.erl"},
                           {line,859}]},
                      {rabbit_amqqueue_process,'-infos/2-lc$^0/1-0-',2,
                          [{file,"src/rabbit_amqqueue_process.erl"},
                           {line,859}]},
                      {rabbit_amqqueue_process,emit_stats,2,
                          [{file,"src/rabbit_amqqueue_process.erl"},
                           {line,940}]},
                      {rabbit_event,if_enabled,3,
                          [{file,"src/rabbit_event.erl"},{line,137}]},
                      {rabbit_amqqueue_process,'-terminate_delete/3-fun-1-',
                          6,
                          [{file,"src/rabbit_amqqueue_process.erl"},
                           {line,284}]},
                      {rabbit_amqqueue_process,terminate_shutdown,2,
                          [{file,"src/rabbit_amqqueue_process.erl"},
                           {line,308}]},
                      {gen_server2,terminate,3,
                          [{file,"src/gen_server2.erl"},{line,1129}]}]}
      in function  gen_server2:handle_msg/2 (src/gen_server2.erl, line 1027)
    ancestors: [<0.895.0>,rabbit_amqqueue_sup_sup,rabbit_sup,<0.153.0>]
    messages: [{'DOWN',#Ref<0.0.0.5270>,process,<0.1389.0>,normal},
                  {'DOWN',#Ref<0.0.0.5189>,process,<0.1369.0>,normal}]
    links: [<0.895.0>]
    dictionary: [{{xtype_to_module,direct},rabbit_exchange_type_direct},
                  {random_seed,{3172,9814,20125}},
                  {{credit_to,<0.1369.0>},48},
                  {credit_flow_default_credit,{200,50}},
                  {process_name,
                      {rabbit_amqqueue_process,
                          {resource,<<"/">>,queue,
                              <<"springCloudBus.anonymous.HZ-TsHXFTQiOmK8GNbz48A">>}}},
                  {{credit_to,<0.1389.0>},49},
                  {guid,{{2613892151,2112717034,3089897295,4124001069},0}}]
    trap_exit: true
    status: running
    heap_size: 2586
    stack_size: 27
    reductions: 6799
  neighbours:

=SUPERVISOR REPORT==== 24-Aug-2016::12:56:43 ===
     Supervisor: {<0.529.0>,rabbit_amqqueue_sup}
     Context:    child_terminated
     Reason:     {{badmatch,{error,not_found}},
                  [{rabbit_amqqueue_process,i,2,
                       [{file,"src/rabbit_amqqueue_process.erl"},{line,904}]},
                   {rabbit_amqqueue_process,'-infos/2-lc$^0/1-0-',2,
                       [{file,"src/rabbit_amqqueue_process.erl"},{line,859}]},
                   {rabbit_amqqueue_process,'-infos/2-lc$^0/1-0-',2,
                       [{file,"src/rabbit_amqqueue_process.erl"},{line,859}]},
                   {rabbit_amqqueue_process,emit_stats,2,
                       [{file,"src/rabbit_amqqueue_process.erl"},{line,940}]},
                   {rabbit_event,if_enabled,3,
                       [{file,"src/rabbit_event.erl"},{line,137}]},
                   {rabbit_amqqueue_process,'-terminate_delete/3-fun-1-',6,
                       [{file,"src/rabbit_amqqueue_process.erl"},{line,284}]},
                   {rabbit_amqqueue_process,terminate_shutdown,2,
                       [{file,"src/rabbit_amqqueue_process.erl"},{line,308}]},
                   {gen_server2,terminate,3,
                       [{file,"src/gen_server2.erl"},{line,1129}]}]}
     Offender:   [{pid,<0.530.0>},
                  {name,rabbit_amqqueue},
                  {mfargs,
                      {rabbit_prequeue,start_link,
                          [{amqqueue,
                               {resource,<<"/">>,queue,
                                   <<"springCloudBus.anonymous.Itj2xKWmSP6gw-kAW2yd3w">>},
                               false,true,<0.519.0>,[],none,[],[],[],
                               undefined,[],[],live},
                           declare,<0.528.0>]}},
                  {restart_type,intrinsic},
                  {shutdown,30000},
                  {child_type,worker}]


=SUPERVISOR REPORT==== 24-Aug-2016::12:56:43 ===
     Supervisor: {<0.895.0>,rabbit_amqqueue_sup}
     Context:    child_terminated
     Reason:     {{badmatch,{error,not_found}},
                  [{rabbit_amqqueue_process,i,2,
                       [{file,"src/rabbit_amqqueue_process.erl"},{line,904}]},
                   {rabbit_amqqueue_process,'-infos/2-lc$^0/1-0-',2,
                       [{file,"src/rabbit_amqqueue_process.erl"},{line,859}]},
                   {rabbit_amqqueue_process,'-infos/2-lc$^0/1-0-',2,
                       [{file,"src/rabbit_amqqueue_process.erl"},{line,859}]},
                   {rabbit_amqqueue_process,emit_stats,2,
                       [{file,"src/rabbit_amqqueue_process.erl"},{line,940}]},
                   {rabbit_event,if_enabled,3,
                       [{file,"src/rabbit_event.erl"},{line,137}]},
                   {rabbit_amqqueue_process,'-terminate_delete/3-fun-1-',6,
                       [{file,"src/rabbit_amqqueue_process.erl"},{line,284}]},
                   {rabbit_amqqueue_process,terminate_shutdown,2,
                       [{file,"src/rabbit_amqqueue_process.erl"},{line,308}]},
                   {gen_server2,terminate,3,
                       [{file,"src/gen_server2.erl"},{line,1129}]}]}
     Offender:   [{pid,<0.896.0>},
                  {name,rabbit_amqqueue},
                  {mfargs,
                      {rabbit_prequeue,start_link,
                          [{amqqueue,
                               {resource,<<"/">>,queue,
                                   <<"springCloudBus.anonymous.HZ-TsHXFTQiOmK8GNbz48A">>},
                               false,true,<0.885.0>,[],none,[],[],[],
                               undefined,[],[],live},
                           declare,<0.894.0>]}},
                  {restart_type,intrinsic},
                  {shutdown,30000},
                  {child_type,worker}]


=CRASH REPORT==== 24-Aug-2016::12:56:43 ===
  crasher:
    initial call: gen:init_it/6
    pid: <0.3088.0>
    registered_name: []
    exception exit: {{badmatch,{error,not_found}},
                     [{rabbit_prequeue,init,2,
                          [{file,"src/rabbit_prequeue.erl"},{line,62}]},
                      {gen_server2,init_it,6,
                          [{file,"src/gen_server2.erl"},{line,544}]},
                      {proc_lib,init_p_do_apply,3,
                          [{file,"proc_lib.erl"},{line,237}]}]}
      in function  gen_server2:init_it/6 (src/gen_server2.erl, line 586)
    ancestors: [<0.529.0>,rabbit_amqqueue_sup_sup,rabbit_sup,<0.153.0>]
    messages: []
    links: [<0.529.0>]
    dictionary: []
    trap_exit: false
    status: running
    heap_size: 610
    stack_size: 27
    reductions: 148
  neighbours:

=CRASH REPORT==== 24-Aug-2016::12:56:43 ===
  crasher:
    initial call: gen:init_it/6
    pid: <0.3089.0>
    registered_name: []
    exception exit: {{badmatch,{error,not_found}},
                     [{rabbit_prequeue,init,2,
                          [{file,"src/rabbit_prequeue.erl"},{line,62}]},
                      {gen_server2,init_it,6,
                          [{file,"src/gen_server2.erl"},{line,544}]},
                      {proc_lib,init_p_do_apply,3,
                          [{file,"proc_lib.erl"},{line,237}]}]}
      in function  gen_server2:init_it/6 (src/gen_server2.erl, line 586)
    ancestors: [<0.895.0>,rabbit_amqqueue_sup_sup,rabbit_sup,<0.153.0>]
    messages: []
    links: [<0.895.0>]
    dictionary: []
    trap_exit: false
    status: running
    heap_size: 610
    stack_size: 27
    reductions: 148
  neighbours:

=SUPERVISOR REPORT==== 24-Aug-2016::12:56:43 ===
     Supervisor: {<0.529.0>,rabbit_amqqueue_sup}
     Context:    start_error
     Reason:     {{badmatch,{error,not_found}},
                  [{rabbit_prequeue,init,2,
                                    [{file,"src/rabbit_prequeue.erl"},
                                     {line,62}]},
                   {gen_server2,init_it,6,
                                [{file,"src/gen_server2.erl"},{line,544}]},
                   {proc_lib,init_p_do_apply,3,
                             [{file,"proc_lib.erl"},{line,237}]}]}
     Offender:   [{pid,<0.530.0>},
                  {name,rabbit_amqqueue},
                  {mfargs,
                      {rabbit_prequeue,start_link,
                          [{amqqueue,
                               {resource,<<"/">>,queue,
                                   <<"springCloudBus.anonymous.Itj2xKWmSP6gw-kAW2yd3w">>},
                               false,true,<0.519.0>,[],none,[],[],[],
                               undefined,[],[],live},
                           declare,<0.528.0>]}},
                  {restart_type,intrinsic},
                  {shutdown,30000},
                  {child_type,worker}]


=SUPERVISOR REPORT==== 24-Aug-2016::12:56:43 ===
     Supervisor: {<0.895.0>,rabbit_amqqueue_sup}
     Context:    start_error
     Reason:     {{badmatch,{error,not_found}},
                  [{rabbit_prequeue,init,2,
                                    [{file,"src/rabbit_prequeue.erl"},
                                     {line,62}]},
                   {gen_server2,init_it,6,
                                [{file,"src/gen_server2.erl"},{line,544}]},
                   {proc_lib,init_p_do_apply,3,
                             [{file,"proc_lib.erl"},{line,237}]}]}
     Offender:   [{pid,<0.896.0>},
                  {name,rabbit_amqqueue},
                  {mfargs,
                      {rabbit_prequeue,start_link,
                          [{amqqueue,
                               {resource,<<"/">>,queue,
                                   <<"springCloudBus.anonymous.HZ-TsHXFTQiOmK8GNbz48A">>},
                               false,true,<0.885.0>,[],none,[],[],[],
                               undefined,[],[],live},
                           declare,<0.894.0>]}},
                  {restart_type,intrinsic},
                  {shutdown,30000},
                  {child_type,worker}]


=SUPERVISOR REPORT==== 24-Aug-2016::12:56:43 ===
     Supervisor: {<0.529.0>,rabbit_amqqueue_sup}
     Context:    start_error
     Reason:     {{badmatch,{error,not_found}},
                  [{rabbit_prequeue,init,2,
                                    [{file,"src/rabbit_prequeue.erl"},
                                     {line,62}]},
                   {gen_server2,init_it,6,
                                [{file,"src/gen_server2.erl"},{line,544}]},
                   {proc_lib,init_p_do_apply,3,
                             [{file,"proc_lib.erl"},{line,237}]}]}
     Offender:   [{pid,{restarting,<0.530.0>}},
                  {name,rabbit_amqqueue},
                  {mfargs,
                      {rabbit_prequeue,start_link,
                          [{amqqueue,
                               {resource,<<"/">>,queue,
                                   <<"springCloudBus.anonymous.Itj2xKWmSP6gw-kAW2yd3w">>},
                               false,true,<0.519.0>,[],none,[],[],[],
                               undefined,[],[],live},
                           declare,<0.528.0>]}},
                  {restart_type,intrinsic},
                  {shutdown,30000},
                  {child_type,worker}]


=CRASH REPORT==== 24-Aug-2016::12:56:43 ===
  crasher:
    initial call: gen:init_it/6
    pid: <0.3093.0>
    registered_name: []
    exception exit: {{badmatch,{error,not_found}},
                     [{rabbit_prequeue,init,2,
                          [{file,"src/rabbit_prequeue.erl"},{line,62}]},
                      {gen_server2,init_it,6,
                          [{file,"src/gen_server2.erl"},{line,544}]},
                      {proc_lib,init_p_do_apply,3,
                          [{file,"proc_lib.erl"},{line,237}]}]}
      in function  gen_server2:init_it/6 (src/gen_server2.erl, line 586)
    ancestors: [<0.895.0>,rabbit_amqqueue_sup_sup,rabbit_sup,<0.153.0>]
    messages: []
    links: [<0.895.0>]
    dictionary: []
    trap_exit: false
    status: running
    heap_size: 610
    stack_size: 27
    reductions: 148
  neighbours:

=CRASH REPORT==== 24-Aug-2016::12:56:43 ===
  crasher:
    initial call: gen:init_it/6
    pid: <0.3095.0>
    registered_name: []
    exception exit: {{badmatch,{error,not_found}},
                     [{rabbit_prequeue,init,2,
                          [{file,"src/rabbit_prequeue.erl"},{line,62}]},
                      {gen_server2,init_it,6,
                          [{file,"src/gen_server2.erl"},{line,544}]},
                      {proc_lib,init_p_do_apply,3,
                          [{file,"proc_lib.erl"},{line,237}]}]}
      in function  gen_server2:init_it/6 (src/gen_server2.erl, line 586)
    ancestors: [<0.529.0>,rabbit_amqqueue_sup_sup,rabbit_sup,<0.153.0>]
    messages: []
    links: [<0.529.0>]
    dictionary: []
    trap_exit: false
    status: running
    heap_size: 610
    stack_size: 27
    reductions: 148
  neighbours:

=SUPERVISOR REPORT==== 24-Aug-2016::12:56:43 ===
     Supervisor: {<0.529.0>,rabbit_amqqueue_sup}
     Context:    start_error
     Reason:     {{badmatch,{error,not_found}},
                  [{rabbit_prequeue,init,2,
                                    [{file,"src/rabbit_prequeue.erl"},
                                     {line,62}]},
                   {gen_server2,init_it,6,
                                [{file,"src/gen_server2.erl"},{line,544}]},
                   {proc_lib,init_p_do_apply,3,
                             [{file,"proc_lib.erl"},{line,237}]}]}
     Offender:   [{pid,{restarting,<0.530.0>}},
                  {name,rabbit_amqqueue},
                  {mfargs,
                      {rabbit_prequeue,start_link,
                          [{amqqueue,
                               {resource,<<"/">>,queue,
                                   <<"springCloudBus.anonymous.Itj2xKWmSP6gw-kAW2yd3w">>},
                               false,true,<0.519.0>,[],none,[],[],[],
                               undefined,[],[],live},
                           declare,<0.528.0>]}},
                  {restart_type,intrinsic},
                  {shutdown,30000},
                  {child_type,worker}]


=CRASH REPORT==== 24-Aug-2016::12:56:43 ===
  crasher:
    initial call: gen:init_it/6
    pid: <0.3097.0>
    registered_name: []
    exception exit: {{badmatch,{error,not_found}},
                     [{rabbit_prequeue,init,2,
                          [{file,"src/rabbit_prequeue.erl"},{line,62}]},
                      {gen_server2,init_it,6,
                          [{file,"src/gen_server2.erl"},{line,544}]},
                      {proc_lib,init_p_do_apply,3,
                          [{file,"proc_lib.erl"},{line,237}]}]}
      in function  gen_server2:init_it/6 (src/gen_server2.erl, line 586)
    ancestors: [<0.529.0>,rabbit_amqqueue_sup_sup,rabbit_sup,<0.153.0>]
    messages: []
    links: [<0.529.0>]
    dictionary: []
    trap_exit: false
    status: running
    heap_size: 610
    stack_size: 27
    reductions: 148
  neighbours:

=SUPERVISOR REPORT==== 24-Aug-2016::12:56:43 ===
     Supervisor: {<0.529.0>,rabbit_amqqueue_sup}
     Context:    start_error
     Reason:     {{badmatch,{error,not_found}},
                  [{rabbit_prequeue,init,2,
                                    [{file,"src/rabbit_prequeue.erl"},
                                     {line,62}]},
                   {gen_server2,init_it,6,
                                [{file,"src/gen_server2.erl"},{line,544}]},
                   {proc_lib,init_p_do_apply,3,
                             [{file,"proc_lib.erl"},{line,237}]}]}
     Offender:   [{pid,{restarting,<0.530.0>}},
                  {name,rabbit_amqqueue},
                  {mfargs,
                      {rabbit_prequeue,start_link,
                          [{amqqueue,
                               {resource,<<"/">>,queue,
                                   <<"springCloudBus.anonymous.Itj2xKWmSP6gw-kAW2yd3w">>},
                               false,true,<0.519.0>,[],none,[],[],[],
                               undefined,[],[],live},
                           declare,<0.528.0>]}},
                  {restart_type,intrinsic},
                  {shutdown,30000},
                  {child_type,worker}]


=CRASH REPORT==== 24-Aug-2016::12:56:43 ===
  crasher:
    initial call: gen:init_it/6
    pid: <0.3099.0>
    registered_name: []
    exception exit: {{badmatch,{error,not_found}},
                     [{rabbit_prequeue,init,2,
                          [{file,"src/rabbit_prequeue.erl"},{line,62}]},
                      {gen_server2,init_it,6,
                          [{file,"src/gen_server2.erl"},{line,544}]},
                      {proc_lib,init_p_do_apply,3,
                          [{file,"proc_lib.erl"},{line,237}]}]}
      in function  gen_server2:init_it/6 (src/gen_server2.erl, line 586)
    ancestors: [<0.529.0>,rabbit_amqqueue_sup_sup,rabbit_sup,<0.153.0>]
    messages: []
    links: [<0.529.0>]
    dictionary: []
    trap_exit: false
    status: running
    heap_size: 610
    stack_size: 27
    reductions: 148
  neighbours:

=SUPERVISOR REPORT==== 24-Aug-2016::12:56:43 ===
     Supervisor: {<0.529.0>,rabbit_amqqueue_sup}
     Context:    start_error
     Reason:     {{badmatch,{error,not_found}},
                  [{rabbit_prequeue,init,2,
                                    [{file,"src/rabbit_prequeue.erl"},
                                     {line,62}]},
                   {gen_server2,init_it,6,
                                [{file,"src/gen_server2.erl"},{line,544}]},
                   {proc_lib,init_p_do_apply,3,
                             [{file,"proc_lib.erl"},{line,237}]}]}
     Offender:   [{pid,{restarting,<0.530.0>}},
                  {name,rabbit_amqqueue},
                  {mfargs,
                      {rabbit_prequeue,start_link,
                          [{amqqueue,
                               {resource,<<"/">>,queue,
                                   <<"springCloudBus.anonymous.Itj2xKWmSP6gw-kAW2yd3w">>},
                               false,true,<0.519.0>,[],none,[],[],[],
                               undefined,[],[],live},
                           declare,<0.528.0>]}},
                  {restart_type,intrinsic},
                  {shutdown,30000},
                  {child_type,worker}]


=SUPERVISOR REPORT==== 24-Aug-2016::12:56:43 ===
     Supervisor: {<0.529.0>,rabbit_amqqueue_sup}
     Context:    shutdown
     Reason:     reached_max_restart_intensity
     Offender:   [{pid,{restarting,<0.530.0>}},
                  {name,rabbit_amqqueue},
                  {mfargs,
                      {rabbit_prequeue,start_link,
                          [{amqqueue,
                               {resource,<<"/">>,queue,
                                   <<"springCloudBus.anonymous.Itj2xKWmSP6gw-kAW2yd3w">>},
                               false,true,<0.519.0>,[],none,[],[],[],
                               undefined,[],[],live},
                           declare,<0.528.0>]}},
                  {restart_type,intrinsic},
                  {shutdown,30000},
                  {child_type,worker}]


=SUPERVISOR REPORT==== 24-Aug-2016::12:56:43 ===
     Supervisor: {<0.895.0>,rabbit_amqqueue_sup}
     Context:    start_error
     Reason:     {{badmatch,{error,not_found}},
                  [{rabbit_prequeue,init,2,
                                    [{file,"src/rabbit_prequeue.erl"},
                                     {line,62}]},
                   {gen_server2,init_it,6,
                                [{file,"src/gen_server2.erl"},{line,544}]},
                   {proc_lib,init_p_do_apply,3,
                             [{file,"proc_lib.erl"},{line,237}]}]}
     Offender:   [{pid,{restarting,<0.896.0>}},
                  {name,rabbit_amqqueue},
                  {mfargs,
                      {rabbit_prequeue,start_link,
                          [{amqqueue,
                               {resource,<<"/">>,queue,
                                   <<"springCloudBus.anonymous.HZ-TsHXFTQiOmK8GNbz48A">>},
                               false,true,<0.885.0>,[],none,[],[],[],
                               undefined,[],[],live},
                           declare,<0.894.0>]}},
                  {restart_type,intrinsic},
                  {shutdown,30000},
                  {child_type,worker}]


=CRASH REPORT==== 24-Aug-2016::12:56:43 ===
  crasher:
    initial call: gen:init_it/6
    pid: <0.3102.0>
    registered_name: []
    exception exit: {{badmatch,{error,not_found}},
                     [{rabbit_prequeue,init,2,
                          [{file,"src/rabbit_prequeue.erl"},{line,62}]},
                      {gen_server2,init_it,6,
                          [{file,"src/gen_server2.erl"},{line,544}]},
                      {proc_lib,init_p_do_apply,3,
                          [{file,"proc_lib.erl"},{line,237}]}]}
      in function  gen_server2:init_it/6 (src/gen_server2.erl, line 586)
    ancestors: [<0.895.0>,rabbit_amqqueue_sup_sup,rabbit_sup,<0.153.0>]
    messages: []
    links: [<0.895.0>]
    dictionary: []
    trap_exit: false
    status: running
    heap_size: 610
    stack_size: 27
    reductions: 148
  neighbours:

=SUPERVISOR REPORT==== 24-Aug-2016::12:56:43 ===
     Supervisor: {<0.895.0>,rabbit_amqqueue_sup}
     Context:    start_error
     Reason:     {{badmatch,{error,not_found}},
                  [{rabbit_prequeue,init,2,
                                    [{file,"src/rabbit_prequeue.erl"},
                                     {line,62}]},
                   {gen_server2,init_it,6,
                                [{file,"src/gen_server2.erl"},{line,544}]},
                   {proc_lib,init_p_do_apply,3,
                             [{file,"proc_lib.erl"},{line,237}]}]}
     Offender:   [{pid,{restarting,<0.896.0>}},
                  {name,rabbit_amqqueue},
                  {mfargs,
                      {rabbit_prequeue,start_link,
                          [{amqqueue,
                               {resource,<<"/">>,queue,
                                   <<"springCloudBus.anonymous.HZ-TsHXFTQiOmK8GNbz48A">>},
                               false,true,<0.885.0>,[],none,[],[],[],
                               undefined,[],[],live},
                           declare,<0.894.0>]}},
                  {restart_type,intrinsic},
                  {shutdown,30000},
                  {child_type,worker}]


=CRASH REPORT==== 24-Aug-2016::12:56:43 ===
  crasher:
    initial call: gen:init_it/6
    pid: <0.3104.0>
    registered_name: []
    exception exit: {{badmatch,{error,not_found}},
                     [{rabbit_prequeue,init,2,
                          [{file,"src/rabbit_prequeue.erl"},{line,62}]},
                      {gen_server2,init_it,6,
                          [{file,"src/gen_server2.erl"},{line,544}]},
                      {proc_lib,init_p_do_apply,3,
                          [{file,"proc_lib.erl"},{line,237}]}]}
      in function  gen_server2:init_it/6 (src/gen_server2.erl, line 586)
    ancestors: [<0.895.0>,rabbit_amqqueue_sup_sup,rabbit_sup,<0.153.0>]
    messages: []
    links: [<0.895.0>]
    dictionary: []
    trap_exit: false
    status: running
    heap_size: 610
    stack_size: 27
    reductions: 148
  neighbours:

=SUPERVISOR REPORT==== 24-Aug-2016::12:56:43 ===
     Supervisor: {<0.895.0>,rabbit_amqqueue_sup}
     Context:    start_error
     Reason:     {{badmatch,{error,not_found}},
                  [{rabbit_prequeue,init,2,
                                    [{file,"src/rabbit_prequeue.erl"},
                                     {line,62}]},
                   {gen_server2,init_it,6,
                                [{file,"src/gen_server2.erl"},{line,544}]},
                   {proc_lib,init_p_do_apply,3,
                             [{file,"proc_lib.erl"},{line,237}]}]}
     Offender:   [{pid,{restarting,<0.896.0>}},
                  {name,rabbit_amqqueue},
                  {mfargs,
                      {rabbit_prequeue,start_link,
                          [{amqqueue,
                               {resource,<<"/">>,queue,
                                   <<"springCloudBus.anonymous.HZ-TsHXFTQiOmK8GNbz48A">>},
                               false,true,<0.885.0>,[],none,[],[],[],
                               undefined,[],[],live},
                           declare,<0.894.0>]}},
                  {restart_type,intrinsic},
                  {shutdown,30000},
                  {child_type,worker}]


=CRASH REPORT==== 24-Aug-2016::12:56:43 ===
  crasher:
    initial call: gen:init_it/6
    pid: <0.3106.0>
    registered_name: []
    exception exit: {{badmatch,{error,not_found}},
                     [{rabbit_prequeue,init,2,
                          [{file,"src/rabbit_prequeue.erl"},{line,62}]},
                      {gen_server2,init_it,6,
                          [{file,"src/gen_server2.erl"},{line,544}]},
                      {proc_lib,init_p_do_apply,3,
                          [{file,"proc_lib.erl"},{line,237}]}]}
      in function  gen_server2:init_it/6 (src/gen_server2.erl, line 586)
    ancestors: [<0.895.0>,rabbit_amqqueue_sup_sup,rabbit_sup,<0.153.0>]
    messages: []
    links: [<0.895.0>]
    dictionary: []
    trap_exit: false
    status: running
    heap_size: 610
    stack_size: 27
    reductions: 148
  neighbours:

=SUPERVISOR REPORT==== 24-Aug-2016::12:56:43 ===
     Supervisor: {<0.895.0>,rabbit_amqqueue_sup}
     Context:    start_error
     Reason:     {{badmatch,{error,not_found}},
                  [{rabbit_prequeue,init,2,
                                    [{file,"src/rabbit_prequeue.erl"},
                                     {line,62}]},
                   {gen_server2,init_it,6,
                                [{file,"src/gen_server2.erl"},{line,544}]},
                   {proc_lib,init_p_do_apply,3,
                             [{file,"proc_lib.erl"},{line,237}]}]}
     Offender:   [{pid,{restarting,<0.896.0>}},
                  {name,rabbit_amqqueue},
                  {mfargs,
                      {rabbit_prequeue,start_link,
                          [{amqqueue,
                               {resource,<<"/">>,queue,
                                   <<"springCloudBus.anonymous.HZ-TsHXFTQiOmK8GNbz48A">>},
                               false,true,<0.885.0>,[],none,[],[],[],
                               undefined,[],[],live},
                           declare,<0.894.0>]}},
                  {restart_type,intrinsic},
                  {shutdown,30000},
                  {child_type,worker}]


=SUPERVISOR REPORT==== 24-Aug-2016::12:56:43 ===
     Supervisor: {<0.895.0>,rabbit_amqqueue_sup}
     Context:    shutdown
     Reason:     reached_max_restart_intensity
     Offender:   [{pid,{restarting,<0.896.0>}},
                  {name,rabbit_amqqueue},
                  {mfargs,
                      {rabbit_prequeue,start_link,
                          [{amqqueue,
                               {resource,<<"/">>,queue,
                                   <<"springCloudBus.anonymous.HZ-TsHXFTQiOmK8GNbz48A">>},
                               false,true,<0.885.0>,[],none,[],[],[],
                               undefined,[],[],live},
                           declare,<0.894.0>]}},
                  {restart_type,intrinsic},
                  {shutdown,30000},
                  {child_type,worker}]


=CRASH REPORT==== 24-Aug-2016::12:56:43 ===
  crasher:
    initial call: gen:init_it/6
    pid: <0.3092.0>
    registered_name: []
    exception exit: {{badmatch,{error,not_found}},
                     [{rabbit_prequeue,init,2,
                          [{file,"src/rabbit_prequeue.erl"},{line,62}]},
                      {gen_server2,init_it,6,
                          [{file,"src/gen_server2.erl"},{line,544}]},
                      {proc_lib,init_p_do_apply,3,
                          [{file,"proc_lib.erl"},{line,237}]}]}
      in function  gen_server2:init_it/6 (src/gen_server2.erl, line 586)
    ancestors: [<0.529.0>,rabbit_amqqueue_sup_sup,rabbit_sup,<0.153.0>]
    messages: []
    links: [<0.529.0>]
    dictionary: []
    trap_exit: false
    status: running
    heap_size: 610
    stack_size: 27
    reductions: 148
  neighbours:
